2019-10-27 23:45:23.526 >>> [restartedMain] >>> INFO  >>> cn.ec.CourseApplication >>> Starting CourseApplication on DESKTOP-OBR54SP with PID 14892 (D:\course\target\classes started by Admin in D:\course)
2019-10-27 23:45:23.528 >>> [restartedMain] >>> INFO  >>> cn.ec.CourseApplication >>> No active profile set, falling back to default profiles: default
2019-10-27 23:45:23.594 >>> [restartedMain] >>> INFO  >>> o.s.b.d.env.DevToolsPropertyDefaultsPostProcessor >>> Devtools property defaults active! Set 'spring.devtools.add-properties' to 'false' to disable
2019-10-27 23:45:23.595 >>> [restartedMain] >>> INFO  >>> o.s.b.d.env.DevToolsPropertyDefaultsPostProcessor >>> For additional web related logging consider setting the 'logging.level.web' property to 'DEBUG'
2019-10-27 23:45:24.795 >>> [restartedMain] >>> INFO  >>> o.s.c.s.PostProcessorRegistrationDelegate$BeanPostProcessorChecker >>> Bean 'org.springframework.transaction.annotation.ProxyTransactionManagementConfiguration' of type [org.springframework.transaction.annotation.ProxyTransactionManagementConfiguration$$EnhancerBySpringCGLIB$$9df7dae6] is not eligible for getting processed by all BeanPostProcessors (for example: not eligible for auto-proxying)
2019-10-27 23:45:25.128 >>> [restartedMain] >>> INFO  >>> o.s.boot.web.embedded.tomcat.TomcatWebServer >>> Tomcat initialized with port(s): 8677 (http)
2019-10-27 23:45:25.148 >>> [restartedMain] >>> INFO  >>> org.apache.catalina.core.StandardService >>> Starting service [Tomcat]
2019-10-27 23:45:25.148 >>> [restartedMain] >>> INFO  >>> org.apache.catalina.core.StandardEngine >>> Starting Servlet engine: [Apache Tomcat/9.0.26]
2019-10-27 23:45:25.243 >>> [restartedMain] >>> INFO  >>> o.a.c.core.ContainerBase.[Tomcat].[localhost].[/] >>> Initializing Spring embedded WebApplicationContext
2019-10-27 23:45:25.244 >>> [restartedMain] >>> INFO  >>> org.springframework.web.context.ContextLoader >>> Root WebApplicationContext: initialization completed in 1649 ms
2019-10-27 23:45:25.809 >>> [restartedMain] >>> INFO  >>> s.d.s.w.PropertySourcedRequestMappingHandlerMapping >>> Mapped URL path [/v2/api-docs] onto method [public org.springframework.http.ResponseEntity<springfox.documentation.spring.web.json.Json> springfox.documentation.swagger2.web.Swagger2Controller.getDocumentation(java.lang.String,javax.servlet.http.HttpServletRequest)]
2019-10-27 23:45:25.881 >>> [restartedMain] >>> INFO  >>> o.s.b.d.autoconfigure.OptionalLiveReloadServer >>> LiveReload server is running on port 35729
2019-10-27 23:45:26.056 >>> [restartedMain] >>> INFO  >>> s.d.s.web.plugins.DocumentationPluginsBootstrapper >>> Context refreshed
2019-10-27 23:45:26.069 >>> [restartedMain] >>> INFO  >>> s.d.s.web.plugins.DocumentationPluginsBootstrapper >>> Found 1 custom documentation plugin(s)
2019-10-27 23:45:26.094 >>> [restartedMain] >>> INFO  >>> s.d.spring.web.scanners.ApiListingReferenceScanner >>> Scanning for api listing references
2019-10-27 23:45:26.206 >>> [restartedMain] >>> INFO  >>> o.s.boot.web.embedded.tomcat.TomcatWebServer >>> Tomcat started on port(s): 8677 (http) with context path ''
2019-10-27 23:45:26.209 >>> [restartedMain] >>> INFO  >>> cn.ec.CourseApplication >>> Started CourseApplication in 3.026 seconds (JVM running for 3.744)
2019-10-27 23:45:34.783 >>> [http-nio-8677-exec-1] >>> INFO  >>> o.a.c.core.ContainerBase.[Tomcat].[localhost].[/] >>> Initializing Spring DispatcherServlet 'dispatcherServlet'
2019-10-27 23:45:34.783 >>> [http-nio-8677-exec-1] >>> INFO  >>> org.springframework.web.servlet.DispatcherServlet >>> Initializing Servlet 'dispatcherServlet'
2019-10-27 23:45:34.789 >>> [http-nio-8677-exec-1] >>> INFO  >>> org.springframework.web.servlet.DispatcherServlet >>> Completed initialization in 6 ms
2019-10-27 23:45:34.846 >>> [http-nio-8677-exec-1] >>> INFO  >>> com.alibaba.druid.pool.DruidDataSource >>> {dataSource-1} inited
2019-10-27 23:45:35.019 >>> [http-nio-8677-exec-1] >>> INFO  >>> cn.ec.controller.StudentController >>> This is info
2019-10-27 23:45:35.020 >>> [http-nio-8677-exec-1] >>> WARN  >>> cn.ec.controller.StudentController >>> This is warn
2019-10-27 23:45:35.020 >>> [http-nio-8677-exec-1] >>> ERROR >>> cn.ec.controller.StudentController >>> This is error
